<?xml version="1.0" encoding="UTF-8"?>
<!-- Generated by org.testng.reporters.JUnitXMLReporter -->
<testsuite ignored="2" hostname="Testing-Sys337" failures="0" tests="1" name="Default test" time="1.008" errors="0" timestamp="2025-03-24T17:32:22 IST">
  <testcase classname="GetAllEmployees.GetEmployees" name="updateemployees" time="0.98"/>
  <testcase classname="GetAllEmployees.GetEmployees" name="createemployee" time="0.0">
    <ignored/>
  </testcase> <!-- createemployee -->
  <testcase classname="GetAllEmployees.GetEmployees" name="GetEmployee" time="0.0">
    <ignored/>
  </testcase> <!-- GetEmployee -->
</testsuite> <!-- Default test -->
