<?xml version="1.0" encoding="UTF-8"?>
<testng-results ignored="2" total="3" passed="1" failed="0" skipped="0">
  <reporter-output>
  </reporter-output>
  <suite started-at="2025-03-24T17:32:21 IST" name="Default suite" finished-at="2025-03-24T17:32:22 IST" duration-ms="1008">
    <groups>
    </groups>
    <test started-at="2025-03-24T17:32:21 IST" name="Default test" finished-at="2025-03-24T17:32:22 IST" duration-ms="1008">
      <class name="GetAllEmployees.GetEmployees">
        <test-method signature="updateemployees()[pri:0, instance:GetAllEmployees.GetEmployees@76508ed1]" started-at="2025-03-24T17:32:21 IST" name="updateemployees" finished-at="2025-03-24T17:32:22 IST" duration-ms="980" status="PASS">
          <reporter-output>
          </reporter-output>
        </test-method> <!-- updateemployees -->
      </class> <!-- GetAllEmployees.GetEmployees -->
    </test> <!-- Default test -->
  </suite> <!-- Default suite -->
</testng-results>
