<?xml version="1.0" encoding="UTF-8"?>
<testng-results ignored="0" total="1" passed="1" failed="0" skipped="0">
  <reporter-output>
  </reporter-output>
  <suite started-at="2025-06-03T12:10:11 IST" name="Default suite" finished-at="2025-06-03T12:10:11 IST" duration-ms="341">
    <groups>
    </groups>
    <test started-at="2025-06-03T12:10:11 IST" name="Default test" finished-at="2025-06-03T12:10:11 IST" duration-ms="341">
      <class name="Schemavalidation.Hamcrest">
        <test-method signature="validate()[pri:0, instance:Schemavalidation.Hamcrest@f5ac9e4]" started-at="2025-06-03T12:10:11 IST" name="validate" finished-at="2025-06-03T12:10:11 IST" duration-ms="314" status="PASS">
          <reporter-output>
          </reporter-output>
        </test-method> <!-- validate -->
      </class> <!-- Schemavalidation.Hamcrest -->
    </test> <!-- Default test -->
  </suite> <!-- Default suite -->
</testng-results>
